<?xml version="1.0" encoding="UTF-8"?>
<!-- Generated by org.testng.reporters.JUnitXMLReporter -->
<testsuite hostname="Shwetas-MacBook-Pro.local" ignored="0" name="Traditional Test Task 1 - PhoneChrome" tests="7" failures="2" timestamp="2020-06-02T14:39:52 IST" time="4.075" errors="0">
  <testcase name="elementVisibilityOnPhone" time="0.479" classname="hackathonapplitools.grid.tests.CrossDeviceElementsTest"/>
  <testcase name="elementVisibilityOnLaptop" time="0.489" classname="hackathonapplitools.grid.tests.CrossDeviceElementsTest"/>
  <testcase name="elementVisibilityOnTablet" time="0.562" classname="hackathonapplitools.grid.tests.CrossDeviceElementsTest">
    <failure type="org.openqa.selenium.NoSuchSessionException" message="invalid session id
Build info: version: &amp;apos;3.141.59&amp;apos;, revision: &amp;apos;e82be7d358&amp;apos;, time: &amp;apos;2018-11-14T08:17:03&amp;apos;
System info: host: &amp;apos;Shwetas-MacBook-Pro.local&amp;apos;, ip: &amp;apos;fe80:0:0:0:1417:8451:1aa6:b80%en0&amp;apos;, os.name: &amp;apos;Mac OS X&amp;apos;, os.arch: &amp;apos;x86_64&amp;apos;, os.version: &amp;apos;10.14.6&amp;apos;, java.version: &amp;apos;1.8.0_201&amp;apos;
Driver info: org.openqa.selenium.chrome.ChromeDriver
Capabilities {acceptInsecureCerts: false, browserName: chrome, browserVersion: 83.0.4103.61, chrome: {chromedriverVersion: 83.0.4103.39 (ccbf011cb2d2b..., userDataDir: /var/folders/8l/6r_df1vj5f1...}, goog:chromeOptions: {debuggerAddress: localhost:61958}, javascriptEnabled: true, networkConnectionEnabled: false, pageLoadStrategy: normal, platform: MAC, platformName: MAC, proxy: Proxy(), setWindowRect: true, strictFileInteractability: false, timeouts: {implicit: 0, pageLoad: 300000, script: 30000}, unhandledPromptBehavior: dismiss and notify, webauthn:virtualAuthenticators: true}
Session ID: ff75b6b8ce72fe8f0d26e41ec21fed91">
      <![CDATA[org.openqa.selenium.NoSuchSessionException: invalid session id
Build info: version: '3.141.59', revision: 'e82be7d358', time: '2018-11-14T08:17:03'
System info: host: 'Shwetas-MacBook-Pro.local', ip: 'fe80:0:0:0:1417:8451:1aa6:b80%en0', os.name: 'Mac OS X', os.arch: 'x86_64', os.version: '10.14.6', java.version: '1.8.0_201'
Driver info: org.openqa.selenium.chrome.ChromeDriver
Capabilities {acceptInsecureCerts: false, browserName: chrome, browserVersion: 83.0.4103.61, chrome: {chromedriverVersion: 83.0.4103.39 (ccbf011cb2d2b..., userDataDir: /var/folders/8l/6r_df1vj5f1...}, goog:chromeOptions: {debuggerAddress: localhost:61958}, javascriptEnabled: true, networkConnectionEnabled: false, pageLoadStrategy: normal, platform: MAC, platformName: MAC, proxy: Proxy(), setWindowRect: true, strictFileInteractability: false, timeouts: {implicit: 0, pageLoad: 300000, script: 30000}, unhandledPromptBehavior: dismiss and notify, webauthn:virtualAuthenticators: true}
Session ID: ff75b6b8ce72fe8f0d26e41ec21fed91
at org.openqa.selenium.remote.http.W3CHttpResponseCodec.createException(W3CHttpResponseCodec.java:187)
at org.openqa.selenium.remote.http.W3CHttpResponseCodec.decode(W3CHttpResponseCodec.java:122)
at org.openqa.selenium.remote.http.W3CHttpResponseCodec.decode(W3CHttpResponseCodec.java:49)
at org.openqa.selenium.remote.HttpCommandExecutor.execute(HttpCommandExecutor.java:158)
at org.openqa.selenium.remote.service.DriverCommandExecutor.execute(DriverCommandExecutor.java:83)
at org.openqa.selenium.remote.RemoteWebDriver.execute(RemoteWebDriver.java:552)
at org.openqa.selenium.remote.RemoteWebElement.execute(RemoteWebElement.java:285)
at org.openqa.selenium.remote.RemoteWebElement.isDisplayed(RemoteWebElement.java:326)
at hackathonapplitools.grid.tests.BaseTest.verifyById(BaseTest.java:137)
at hackathonapplitools.grid.tests.BaseTest.verifyById(BaseTest.java:123)
at hackathonapplitools.grid.tests.CrossDeviceElementsTest.elementVisibilityOnTablet(CrossDeviceElementsTest.java:55)
at java.util.concurrent.ThreadPoolExecutor.runWorker(ThreadPoolExecutor.java:1149)
at java.util.concurrent.ThreadPoolExecutor$Worker.run(ThreadPoolExecutor.java:624)
at java.lang.Thread.run(Thread.java:748)
... Removed 16 stack frames]]>
    </failure>
  </testcase> <!-- elementVisibilityOnTablet -->
  <testcase name="elementVisibilityOnPhone" time="0.001" classname="hackathonapplitools.grid.tests.CrossDeviceElementsTest">
    <failure type="org.openqa.selenium.NoSuchSessionException" message="Session ID is null. Using WebDriver after calling quit()?
Build info: version: &amp;apos;3.141.59&amp;apos;, revision: &amp;apos;e82be7d358&amp;apos;, time: &amp;apos;2018-11-14T08:17:03&amp;apos;
System info: host: &amp;apos;Shwetas-MacBook-Pro.local&amp;apos;, ip: &amp;apos;fe80:0:0:0:1417:8451:1aa6:b80%en0&amp;apos;, os.name: &amp;apos;Mac OS X&amp;apos;, os.arch: &amp;apos;x86_64&amp;apos;, os.version: &amp;apos;10.14.6&amp;apos;, java.version: &amp;apos;1.8.0_201&amp;apos;
Driver info: driver.version: RemoteWebDriver">
      <![CDATA[org.openqa.selenium.NoSuchSessionException: Session ID is null. Using WebDriver after calling quit()?
Build info: version: '3.141.59', revision: 'e82be7d358', time: '2018-11-14T08:17:03'
System info: host: 'Shwetas-MacBook-Pro.local', ip: 'fe80:0:0:0:1417:8451:1aa6:b80%en0', os.name: 'Mac OS X', os.arch: 'x86_64', os.version: '10.14.6', java.version: '1.8.0_201'
Driver info: driver.version: RemoteWebDriver
at org.openqa.selenium.remote.HttpCommandExecutor.execute(HttpCommandExecutor.java:125)
at org.openqa.selenium.remote.service.DriverCommandExecutor.execute(DriverCommandExecutor.java:83)
at org.openqa.selenium.remote.RemoteWebDriver.execute(RemoteWebDriver.java:552)
at org.openqa.selenium.remote.RemoteWebDriver.findElement(RemoteWebDriver.java:323)
at org.openqa.selenium.remote.RemoteWebDriver.findElementById(RemoteWebDriver.java:372)
at org.openqa.selenium.By$ById.findElement(By.java:188)
at org.openqa.selenium.remote.RemoteWebDriver.findElement(RemoteWebDriver.java:315)
at hackathonapplitools.grid.Utils.getElementID(Utils.java:15)
at hackathonapplitools.grid.tests.BaseTest.verifyById(BaseTest.java:137)
at hackathonapplitools.grid.tests.BaseTest.verifyById(BaseTest.java:123)
at hackathonapplitools.grid.tests.CrossDeviceElementsTest.elementVisibilityOnPhone(CrossDeviceElementsTest.java:80)
at java.util.concurrent.ThreadPoolExecutor.runWorker(ThreadPoolExecutor.java:1149)
at java.util.concurrent.ThreadPoolExecutor$Worker.run(ThreadPoolExecutor.java:624)
at java.lang.Thread.run(Thread.java:748)
... Removed 12 stack frames]]>
    </failure>
  </testcase> <!-- elementVisibilityOnPhone -->
  <testcase name="elementVisibilityOnTablet" time="0.0" classname="hackathonapplitools.grid.tests.CrossDeviceElementsTest">
    <skipped/>
  </testcase> <!-- elementVisibilityOnTablet -->
  <testcase name="elementVisibilityOnPhone" time="0.0" classname="hackathonapplitools.grid.tests.CrossDeviceElementsTest">
    <skipped/>
  </testcase> <!-- elementVisibilityOnPhone -->
  <testcase name="elementVisibilityOnTablet" time="0.0" classname="hackathonapplitools.grid.tests.CrossDeviceElementsTest">
    <skipped/>
  </testcase> <!-- elementVisibilityOnTablet -->
</testsuite> <!-- Traditional Test Task 1 - PhoneChrome -->
