<?xml version="1.0" encoding="UTF-8"?>
<testng-results skipped="1" failed="0" ignored="0" total="4" passed="3">
  <reporter-output>
  </reporter-output>
  <suite name="Command line suite" duration-ms="14412" started-at="2020-06-02T13:03:36 IST" finished-at="2020-06-02T13:03:50 IST">
    <groups>
    </groups>
    <test name="Command line test" duration-ms="14412" started-at="2020-06-02T13:03:36 IST" finished-at="2020-06-02T13:03:50 IST">
      <class name="hackathonapplitools.grid.tests.CrossDeviceElementsTest">
        <test-method status="FAIL" signature="setup(java.lang.String, java.lang.String, java.lang.String)[pri:0, instance:hackathonapplitools.grid.tests.CrossDeviceElementsTest@6ddf90b0]" name="setup" is-config="true" duration-ms="-1591083222854" started-at="2020-06-02T13:03:42 IST" finished-at="1970-01-01T05:30:00 IST">
          <exception class="org.testng.TestNGException">
            <message>
              <![CDATA[
Parameter 'browser' is required by BeforeClass on method setup but has not been marked @Optional or defined
]]>
            </message>
            <full-stacktrace>
              <![CDATA[org.testng.TestNGException: 
Parameter 'browser' is required by BeforeClass on method setup but has not been marked @Optional or defined

at org.testng.internal.Parameters.createParams(Parameters.java:272)
at org.testng.internal.Parameters.createParametersForMethod(Parameters.java:360)
at org.testng.internal.Parameters.createParameters(Parameters.java:704)
at org.testng.internal.Parameters.createConfigurationParameters(Parameters.java:166)
at org.testng.internal.ConfigInvoker.invokeConfigurations(ConfigInvoker.java:283)
at org.testng.internal.TestMethodWorker.invokeBeforeClassMethods(TestMethodWorker.java:176)
at org.testng.internal.TestMethodWorker.run(TestMethodWorker.java:122)
at java.util.ArrayList.forEach(ArrayList.java:1257)
at org.testng.TestRunner.privateRun(TestRunner.java:766)
at org.testng.TestRunner.run(TestRunner.java:587)
at org.testng.SuiteRunner.runTest(SuiteRunner.java:384)
at org.testng.SuiteRunner.runSequentially(SuiteRunner.java:378)
at org.testng.SuiteRunner.privateRun(SuiteRunner.java:337)
at org.testng.SuiteRunner.run(SuiteRunner.java:286)
at org.testng.SuiteRunnerWorker.runSuite(SuiteRunnerWorker.java:53)
at org.testng.SuiteRunnerWorker.run(SuiteRunnerWorker.java:96)
at org.testng.TestNG.runSuitesSequentially(TestNG.java:1187)
at org.testng.TestNG.runSuitesLocally(TestNG.java:1109)
at org.testng.TestNG.runSuites(TestNG.java:1039)
at org.testng.TestNG.run(TestNG.java:1007)
at org.apache.maven.surefire.testng.TestNGExecutor.run(TestNGExecutor.java:77)
at org.apache.maven.surefire.testng.TestNGDirectoryTestSuite.executeMulti(TestNGDirectoryTestSuite.java:159)
at org.apache.maven.surefire.testng.TestNGDirectoryTestSuite.execute(TestNGDirectoryTestSuite.java:99)
at org.apache.maven.surefire.testng.TestNGProvider.invoke(TestNGProvider.java:106)
at sun.reflect.NativeMethodAccessorImpl.invoke0(Native Method)
at sun.reflect.NativeMethodAccessorImpl.invoke(NativeMethodAccessorImpl.java:62)
at sun.reflect.DelegatingMethodAccessorImpl.invoke(DelegatingMethodAccessorImpl.java:43)
at java.lang.reflect.Method.invoke(Method.java:498)
at org.apache.maven.surefire.util.ReflectionUtils.invokeMethodWithArray(ReflectionUtils.java:189)
at org.apache.maven.surefire.booter.ProviderFactory$ProviderProxy.invoke(ProviderFactory.java:165)
at org.apache.maven.surefire.booter.ProviderFactory.invokeProvider(ProviderFactory.java:85)
at org.apache.maven.surefire.booter.ForkedBooter.runSuitesInProcess(ForkedBooter.java:115)
at org.apache.maven.surefire.booter.ForkedBooter.main(ForkedBooter.java:75)
]]>
            </full-stacktrace>
          </exception> <!-- org.testng.TestNGException -->
          <reporter-output>
          </reporter-output>
        </test-method> <!-- setup -->
        <test-method status="SKIP" signature="registerDriver()[pri:0, instance:hackathonapplitools.grid.tests.CrossDeviceElementsTest@6ddf90b0]" name="registerDriver" is-config="true" duration-ms="-1591083222857" started-at="2020-06-02T13:03:42 IST" finished-at="1970-01-01T05:30:00 IST">
          <reporter-output>
          </reporter-output>
        </test-method> <!-- registerDriver -->
        <test-method status="SKIP" signature="elementVisibilityOnLaptop()[pri:0, instance:hackathonapplitools.grid.tests.CrossDeviceElementsTest@6ddf90b0]" name="elementVisibilityOnLaptop" duration-ms="0" started-at="2020-06-02T13:03:42 IST" finished-at="2020-06-02T13:03:42 IST">
          <exception class="org.testng.TestNGException">
            <message>
              <![CDATA[
Parameter 'browser' is required by BeforeClass on method setup but has not been marked @Optional or defined
]]>
            </message>
            <full-stacktrace>
              <![CDATA[org.testng.TestNGException: 
Parameter 'browser' is required by BeforeClass on method setup but has not been marked @Optional or defined

at org.testng.internal.Parameters.createParams(Parameters.java:272)
at org.testng.internal.Parameters.createParametersForMethod(Parameters.java:360)
at org.testng.internal.Parameters.createParameters(Parameters.java:704)
at org.testng.internal.Parameters.createConfigurationParameters(Parameters.java:166)
at org.testng.internal.ConfigInvoker.invokeConfigurations(ConfigInvoker.java:283)
at org.testng.internal.TestMethodWorker.invokeBeforeClassMethods(TestMethodWorker.java:176)
at org.testng.internal.TestMethodWorker.run(TestMethodWorker.java:122)
at java.util.ArrayList.forEach(ArrayList.java:1257)
at org.testng.TestRunner.privateRun(TestRunner.java:766)
at org.testng.TestRunner.run(TestRunner.java:587)
at org.testng.SuiteRunner.runTest(SuiteRunner.java:384)
at org.testng.SuiteRunner.runSequentially(SuiteRunner.java:378)
at org.testng.SuiteRunner.privateRun(SuiteRunner.java:337)
at org.testng.SuiteRunner.run(SuiteRunner.java:286)
at org.testng.SuiteRunnerWorker.runSuite(SuiteRunnerWorker.java:53)
at org.testng.SuiteRunnerWorker.run(SuiteRunnerWorker.java:96)
at org.testng.TestNG.runSuitesSequentially(TestNG.java:1187)
at org.testng.TestNG.runSuitesLocally(TestNG.java:1109)
at org.testng.TestNG.runSuites(TestNG.java:1039)
at org.testng.TestNG.run(TestNG.java:1007)
at org.apache.maven.surefire.testng.TestNGExecutor.run(TestNGExecutor.java:77)
at org.apache.maven.surefire.testng.TestNGDirectoryTestSuite.executeMulti(TestNGDirectoryTestSuite.java:159)
at org.apache.maven.surefire.testng.TestNGDirectoryTestSuite.execute(TestNGDirectoryTestSuite.java:99)
at org.apache.maven.surefire.testng.TestNGProvider.invoke(TestNGProvider.java:106)
at sun.reflect.NativeMethodAccessorImpl.invoke0(Native Method)
at sun.reflect.NativeMethodAccessorImpl.invoke(NativeMethodAccessorImpl.java:62)
at sun.reflect.DelegatingMethodAccessorImpl.invoke(DelegatingMethodAccessorImpl.java:43)
at java.lang.reflect.Method.invoke(Method.java:498)
at org.apache.maven.surefire.util.ReflectionUtils.invokeMethodWithArray(ReflectionUtils.java:189)
at org.apache.maven.surefire.booter.ProviderFactory$ProviderProxy.invoke(ProviderFactory.java:165)
at org.apache.maven.surefire.booter.ProviderFactory.invokeProvider(ProviderFactory.java:85)
at org.apache.maven.surefire.booter.ForkedBooter.runSuitesInProcess(ForkedBooter.java:115)
at org.apache.maven.surefire.booter.ForkedBooter.main(ForkedBooter.java:75)
]]>
            </full-stacktrace>
          </exception> <!-- org.testng.TestNGException -->
          <reporter-output>
          </reporter-output>
        </test-method> <!-- elementVisibilityOnLaptop -->
        <test-method status="SKIP" signature="tearDown()[pri:0, instance:hackathonapplitools.grid.tests.CrossDeviceElementsTest@6ddf90b0]" name="tearDown" is-config="true" duration-ms="-1591083222858" started-at="2020-06-02T13:03:42 IST" finished-at="1970-01-01T05:30:00 IST">
          <reporter-output>
          </reporter-output>
        </test-method> <!-- tearDown -->
        <test-method status="SKIP" signature="afterAllTests()[pri:0, instance:hackathonapplitools.grid.tests.CrossDeviceElementsTest@6ddf90b0]" name="afterAllTests" is-config="true" duration-ms="-1591083222858" started-at="2020-06-02T13:03:42 IST" finished-at="1970-01-01T05:30:00 IST">
          <reporter-output>
          </reporter-output>
        </test-method> <!-- afterAllTests -->
      </class> <!-- hackathonapplitools.grid.tests.CrossDeviceElementsTest -->
      <class name="hackathonapplitools.grid.tests.ShoppingExperienceTest">
        <test-method status="PASS" signature="registerDriver()[pri:0, instance:hackathonapplitools.grid.tests.ShoppingExperienceTest@57536d79]" name="registerDriver" is-config="true" duration-ms="3490" started-at="2020-06-02T13:03:42 IST" finished-at="2020-06-02T13:03:46 IST">
          <reporter-output>
          </reporter-output>
        </test-method> <!-- registerDriver -->
        <test-method status="PASS" signature="verifyFilter()[pri:0, instance:hackathonapplitools.grid.tests.ShoppingExperienceTest@57536d79]" name="verifyFilter" duration-ms="723" started-at="2020-06-02T13:03:46 IST" finished-at="2020-06-02T13:03:47 IST">
          <reporter-output>
          </reporter-output>
        </test-method> <!-- verifyFilter -->
        <test-method status="PASS" signature="tearDown()[pri:0, instance:hackathonapplitools.grid.tests.ShoppingExperienceTest@57536d79]" name="tearDown" is-config="true" duration-ms="83" started-at="2020-06-02T13:03:47 IST" finished-at="2020-06-02T13:03:47 IST">
          <reporter-output>
          </reporter-output>
        </test-method> <!-- tearDown -->
        <test-method status="PASS" signature="registerDriver()[pri:0, instance:hackathonapplitools.grid.tests.ShoppingExperienceTest@57536d79]" name="registerDriver" is-config="true" duration-ms="3386" started-at="2020-06-02T13:03:47 IST" finished-at="2020-06-02T13:03:50 IST">
          <reporter-output>
          </reporter-output>
        </test-method> <!-- registerDriver -->
        <test-method status="PASS" signature="verifyResetFilter()[pri:0, instance:hackathonapplitools.grid.tests.ShoppingExperienceTest@57536d79]" name="verifyResetFilter" duration-ms="186" started-at="2020-06-02T13:03:50 IST" finished-at="2020-06-02T13:03:50 IST">
          <reporter-output>
          </reporter-output>
        </test-method> <!-- verifyResetFilter -->
        <test-method status="PASS" signature="tearDown()[pri:0, instance:hackathonapplitools.grid.tests.ShoppingExperienceTest@57536d79]" name="tearDown" is-config="true" duration-ms="82" started-at="2020-06-02T13:03:50 IST" finished-at="2020-06-02T13:03:50 IST">
          <reporter-output>
          </reporter-output>
        </test-method> <!-- tearDown -->
        <test-method status="PASS" signature="afterAllTests()[pri:0, instance:hackathonapplitools.grid.tests.ShoppingExperienceTest@57536d79]" name="afterAllTests" is-config="true" duration-ms="0" started-at="2020-06-02T13:03:50 IST" finished-at="2020-06-02T13:03:50 IST">
          <reporter-output>
          </reporter-output>
        </test-method> <!-- afterAllTests -->
      </class> <!-- hackathonapplitools.grid.tests.ShoppingExperienceTest -->
      <class name="hackathonapplitools.grid.tests.ProductDetailsTest">
        <test-method status="PASS" signature="registerDriver()[pri:0, instance:hackathonapplitools.grid.tests.ProductDetailsTest@2b2948e2]" name="registerDriver" is-config="true" duration-ms="4604" started-at="2020-06-02T13:03:36 IST" finished-at="2020-06-02T13:03:41 IST">
          <reporter-output>
          </reporter-output>
        </test-method> <!-- registerDriver -->
        <test-method status="PASS" signature="verifyProductDetailsPage()[pri:0, instance:hackathonapplitools.grid.tests.ProductDetailsTest@2b2948e2]" name="verifyProductDetailsPage" duration-ms="1728" started-at="2020-06-02T13:03:41 IST" finished-at="2020-06-02T13:03:42 IST">
          <reporter-output>
          </reporter-output>
        </test-method> <!-- verifyProductDetailsPage -->
        <test-method status="PASS" signature="tearDown()[pri:0, instance:hackathonapplitools.grid.tests.ProductDetailsTest@2b2948e2]" name="tearDown" is-config="true" duration-ms="90" started-at="2020-06-02T13:03:42 IST" finished-at="2020-06-02T13:03:42 IST">
          <reporter-output>
          </reporter-output>
        </test-method> <!-- tearDown -->
        <test-method status="PASS" signature="afterAllTests()[pri:0, instance:hackathonapplitools.grid.tests.ProductDetailsTest@2b2948e2]" name="afterAllTests" is-config="true" duration-ms="1" started-at="2020-06-02T13:03:42 IST" finished-at="2020-06-02T13:03:42 IST">
          <reporter-output>
          </reporter-output>
        </test-method> <!-- afterAllTests -->
      </class> <!-- hackathonapplitools.grid.tests.ProductDetailsTest -->
    </test> <!-- Command line test -->
  </suite> <!-- Command line suite -->
</testng-results>
