<?xml version="1.0" encoding="UTF-8"?>
<!-- Generated by org.testng.reporters.JUnitXMLReporter -->
<testsuite hostname="Shwetas-MacBook-Pro.local" ignored="0" name="Command line test" tests="4" failures="0" timestamp="2020-06-02T13:03:50 IST" time="14.412" errors="0">
  <testcase name="@BeforeClass setup" time="-1.591083222854E9" classname="hackathonapplitools.grid.tests.CrossDeviceElementsTest">
    <failure type="org.testng.TestNGException" message="
Parameter &amp;apos;browser&amp;apos; is required by BeforeClass on method setup but has not been marked @Optional or defined
">
      <![CDATA[org.testng.TestNGException: 
Parameter 'browser' is required by BeforeClass on method setup but has not been marked @Optional or defined

at java.util.ArrayList.forEach(ArrayList.java:1257)
... Removed 32 stack frames]]>
    </failure>
  </testcase> <!-- @BeforeClass setup -->
  <testcase name="@BeforeMethod registerDriver" time="-1.591083222857E9" classname="hackathonapplitools.grid.tests.BaseTest">
    <skipped/>
  </testcase> <!-- @BeforeMethod registerDriver -->
  <testcase name="@AfterMethod tearDown" time="-1.591083222858E9" classname="hackathonapplitools.grid.tests.BaseTest">
    <skipped/>
  </testcase> <!-- @AfterMethod tearDown -->
  <testcase name="@AfterClass afterAllTests" time="-1.591083222858E9" classname="hackathonapplitools.grid.tests.BaseTest">
    <skipped/>
  </testcase> <!-- @AfterClass afterAllTests -->
  <testcase name="verifyProductDetailsPage" time="1.728" classname="hackathonapplitools.grid.tests.ProductDetailsTest"/>
  <testcase name="elementVisibilityOnLaptop" time="0.0" classname="hackathonapplitools.grid.tests.CrossDeviceElementsTest">
    <skipped/>
  </testcase> <!-- elementVisibilityOnLaptop -->
  <testcase name="verifyFilter" time="0.723" classname="hackathonapplitools.grid.tests.ShoppingExperienceTest"/>
  <testcase name="verifyResetFilter" time="0.186" classname="hackathonapplitools.grid.tests.ShoppingExperienceTest"/>
</testsuite> <!-- Command line test -->
